百度地图74/build/outputs/logs/manifest-merger-debug-report.txt
-- Merging decision tree log ---
manifest
ADDED from src\main\AndroidManifest.xml:2:1-84:12
	package
		ADDED from src\main\AndroidManifest.xml:3:5-37
		INJECTED from src\main\AndroidManifest.xml
		INJECTED from src\main\AndroidManifest.xml
	android:versionName
		ADDED from src\main\AndroidManifest.xml:5:5-30
		INJECTED from src\main\AndroidManifest.xml
		INJECTED from src\main\AndroidManifest.xml
	android:versionCode
		ADDED from src\main\AndroidManifest.xml:4:5-28
		INJECTED from src\main\AndroidManifest.xml
		INJECTED from src\main\AndroidManifest.xml
	xmlns:android
		ADDED from src\main\AndroidManifest.xml:2:11-69
uses-sdk
ADDED from src\main\AndroidManifest.xml:7:5-9:41
	android:targetSdkVersion
		ADDED from src\main\AndroidManifest.xml:9:9-38
		INJECTED from src\main\AndroidManifest.xml
		INJECTED from src\main\AndroidManifest.xml
	android:minSdkVersion
		ADDED from src\main\AndroidManifest.xml:8:9-34
		INJECTED from src\main\AndroidManifest.xml
		INJECTED from src\main\AndroidManifest.xml
uses-permission#android.permission.ACCESS_NETWORK_STATE
ADDED from src\main\AndroidManifest.xml:11:5-79
	android:name
		ADDED from src\main\AndroidManifest.xml:11:22-76
uses-permission#android.permission.INTERNET
ADDED from src\main\AndroidManifest.xml:12:5-67
	android:name
		ADDED from src\main\AndroidManifest.xml:12:22-64
uses-permission#com.android.launcher.permission.READ_SETTINGS
ADDED from src\main\AndroidManifest.xml:13:5-85
	android:name
		ADDED from src\main\AndroidManifest.xml:13:22-82
uses-permission#android.permission.WAKE_LOCK
ADDED from src\main\AndroidManifest.xml:14:5-68
	android:name
		ADDED from src\main\AndroidManifest.xml:14:22-65
uses-permission#android.permission.CHANGE_WIFI_STATE
ADDED from src\main\AndroidManifest.xml:15:5-76
	android:name
		ADDED from src\main\AndroidManifest.xml:15:22-73
uses-permission#android.permission.ACCESS_WIFI_STATE
ADDED from src\main\AndroidManifest.xml:16:5-76
	android:name
		ADDED from src\main\AndroidManifest.xml:16:22-73
uses-permission#android.permission.GET_TASKS
ADDED from src\main\AndroidManifest.xml:17:5-68
	android:name
		ADDED from src\main\AndroidManifest.xml:17:22-65
uses-permission#android.permission.WRITE_EXTERNAL_STORAGE
ADDED from src\main\AndroidManifest.xml:18:5-81
	android:name
		ADDED from src\main\AndroidManifest.xml:18:22-78
uses-permission#android.permission.WRITE_SETTINGS
ADDED from src\main\AndroidManifest.xml:19:5-73
	android:name
		ADDED from src\main\AndroidManifest.xml:19:22-70
uses-permission#android.permission.READ_PHONE_STATE
ADDED from src\main\AndroidManifest.xml:20:5-75
	android:name
		ADDED from src\main\AndroidManifest.xml:20:22-72
uses-permission#android.permission.ACCESS_COARSE_LOCATION
ADDED from src\main\AndroidManifest.xml:21:5-22:23
	android:name
		ADDED from src\main\AndroidManifest.xml:21:22-78
uses-permission#android.permission.ACCESS_FINE_LOCATION
ADDED from src\main\AndroidManifest.xml:24:5-25:23
	android:name
		ADDED from src\main\AndroidManifest.xml:24:22-76
uses-permission#android.permission.MOUNT_UNMOUNT_FILESYSTEMS
ADDED from src\main\AndroidManifest.xml:44:5-45:23
	android:name
		ADDED from src\main\AndroidManifest.xml:44:22-81
application
ADDED from src\main\AndroidManifest.xml:47:5-82:19
	android:label
		ADDED from src\main\AndroidManifest.xml:50:9-41
	android:allowBackup
		ADDED from src\main\AndroidManifest.xml:48:9-35
	android:icon
		ADDED from src\main\AndroidManifest.xml:49:9-45
	android:theme
		ADDED from src\main\AndroidManifest.xml:51:9-40
	android:name
		ADDED from src\main\AndroidManifest.xml:52:9-38
meta-data#com.baidu.lbsapi.API_KEY
ADDED from src\main\AndroidManifest.xml:53:9-55:64
	android:value
		ADDED from src\main\AndroidManifest.xml:55:13-61
	android:name
		ADDED from src\main\AndroidManifest.xml:54:13-52
activity#com.itheima.baidumap74.DemoListActivity
ADDED from src\main\AndroidManifest.xml:57:9-65:20
	android:label
		ADDED from src\main\AndroidManifest.xml:59:13-45
	android:name
		ADDED from src\main\AndroidManifest.xml:58:13-45
intent-filter#android.intent.action.MAIN+android.intent.category.LAUNCHER
ADDED from src\main\AndroidManifest.xml:60:13-64:29
action#android.intent.action.MAIN
ADDED from src\main\AndroidManifest.xml:61:17-69
	android:name
		ADDED from src\main\AndroidManifest.xml:61:25-66
category#android.intent.category.LAUNCHER
ADDED from src\main\AndroidManifest.xml:63:17-77
	android:name
		ADDED from src\main\AndroidManifest.xml:63:27-74
activity#com.itheima.baidumap74.HelloBaiduMapActivity
ADDED from src\main\AndroidManifest.xml:67:9-58
	android:name
		ADDED from src\main\AndroidManifest.xml:67:19-56
activity#com.itheima.baidumap74.MapLayerActivity
ADDED from src\main\AndroidManifest.xml:68:9-53
	android:name
		ADDED from src\main\AndroidManifest.xml:68:19-51
activity#com.itheima.baidumap74.CircelOverlayActivity
ADDED from src\main\AndroidManifest.xml:69:9-58
	android:name
		ADDED from src\main\AndroidManifest.xml:69:19-56
activity#com.itheima.baidumap74.TextOverlayActivity
ADDED from src\main\AndroidManifest.xml:70:9-56
	android:name
		ADDED from src\main\AndroidManifest.xml:70:19-54
activity#com.itheima.baidumap74.MarkerOverlayActivity
ADDED from src\main\AndroidManifest.xml:71:9-58
	android:name
		ADDED from src\main\AndroidManifest.xml:71:19-56
activity#com.itheima.baidumap74.SearchInBoundActivity
ADDED from src\main\AndroidManifest.xml:72:9-58
	android:name
		ADDED from src\main\AndroidManifest.xml:72:19-56
activity#com.itheima.baidumap74.SearchInCityActivity
ADDED from src\main\AndroidManifest.xml:73:9-57
	android:name
		ADDED from src\main\AndroidManifest.xml:73:19-55
activity#com.itheima.baidumap74.SearchInNearbyActivity
ADDED from src\main\AndroidManifest.xml:74:9-59
	android:name
		ADDED from src\main\AndroidManifest.xml:74:19-57
activity#com.itheima.baidumap74.DrivingSearchActivity
ADDED from src\main\AndroidManifest.xml:75:9-58
	android:name
		ADDED from src\main\AndroidManifest.xml:75:19-56
activity#com.itheima.baidumap74.TransitSearchActivity
ADDED from src\main\AndroidManifest.xml:76:9-58
	android:name
		ADDED from src\main\AndroidManifest.xml:76:19-56
activity#com.itheima.baidumap74.WalkingSearchActivity
ADDED from src\main\AndroidManifest.xml:77:9-58
	android:name
		ADDED from src\main\AndroidManifest.xml:77:19-56
activity#com.itheima.baidumap74.LocationActivity
ADDED from src\main\AndroidManifest.xml:78:9-53
	android:name
		ADDED from src\main\AndroidManifest.xml:78:19-51
service#com.baidu.location.f
ADDED from src\main\AndroidManifest.xml:80:9-81:11
	android:enabled
		ADDED from src\main\AndroidManifest.xml:80:54-76
	android:process
		ADDED from src\main\AndroidManifest.xml:80:77-102
	android:name
		ADDED from src\main\AndroidManifest.xml:80:18-53